{
  "stats": {
    "suites": 1,
    "tests": 2,
    "passes": 2,
    "pending": 0,
    "failures": 0,
    "start": "2021-01-19T05:04:13.439Z",
    "end": "2021-01-19T05:04:52.588Z",
    "duration": 39149,
    "testsRegistered": 2,
    "passPercent": 100,
    "pendingPercent": 0,
    "other": 0,
    "hasOther": false,
    "skipped": 0,
    "hasSkipped": false
  },
  "results": [
    {
      "uuid": "02b58483-67e9-4d8e-b2ab-704ee3d77250",
      "title": "",
      "fullFile": "cypress\\integration\\examples\\BDD\\Ecommerce.feature",
      "file": "cypress\\integration\\examples\\BDD\\Ecommerce.feature",
      "beforeHooks": [],
      "afterHooks": [],
      "tests": [],
      "suites": [
        {
          "uuid": "5d04cea0-8f6f-4a8a-9634-c5e1e69792da",
          "title": "End to end Ecommerce fllow Validation",
          "fullFile": "",
          "file": "",
          "beforeHooks": [],
          "afterHooks": [],
          "tests": [
            {
              "title": "Ecommerce products delivery",
              "fullTitle": "End to end Ecommerce fllow Validation Ecommerce products delivery",
              "timedOut": null,
              "duration": 27155,
              "state": "passed",
              "speed": "slow",
              "pass": true,
              "fail": false,
              "pending": false,
              "context": null,
              "code": "const state = window.testState;\nreturn cy\n  .then(() => state.onStartScenario(scenario, indexedSteps))\n  .then(() =>\n    resolveAndRunBeforeHooks.call(this, scenario.tags, state.feature.name)\n  )\n  .then(() =>\n    indexedSteps.forEach((step) =>\n      stepTest.call(this, state, step, rowData)\n    )\n  )\n  .then(() =>\n    resolveAndRunAfterHooks.call(this, scenario.tags, state.feature.name)\n  )\n  .then(() => state.onFinishScenario(scenario));",
              "err": {},
              "uuid": "12d9f631-f342-4979-a77a-bedebfe70fc3",
              "parentUUID": "5d04cea0-8f6f-4a8a-9634-c5e1e69792da",
              "isHook": false,
              "skipped": false
            },
            {
              "title": "Filing Register form",
              "fullTitle": "End to end Ecommerce fllow Validation Filing Register form",
              "timedOut": null,
              "duration": 4957,
              "state": "passed",
              "speed": "slow",
              "pass": true,
              "fail": false,
              "pending": false,
              "context": null,
              "code": "const state = window.testState;\nreturn cy\n  .then(() => state.onStartScenario(scenario, indexedSteps))\n  .then(() =>\n    resolveAndRunBeforeHooks.call(this, scenario.tags, state.feature.name)\n  )\n  .then(() =>\n    indexedSteps.forEach((step) =>\n      stepTest.call(this, state, step, rowData)\n    )\n  )\n  .then(() =>\n    resolveAndRunAfterHooks.call(this, scenario.tags, state.feature.name)\n  )\n  .then(() => state.onFinishScenario(scenario));",
              "err": {},
              "uuid": "1bf59471-1e2d-4d46-8563-355f0452bd8f",
              "parentUUID": "5d04cea0-8f6f-4a8a-9634-c5e1e69792da",
              "isHook": false,
              "skipped": false
            }
          ],
          "suites": [],
          "passes": [
            "12d9f631-f342-4979-a77a-bedebfe70fc3",
            "1bf59471-1e2d-4d46-8563-355f0452bd8f"
          ],
          "failures": [],
          "pending": [],
          "skipped": [],
          "duration": 32112,
          "root": false,
          "rootEmpty": false,
          "_timeout": 2000
        }
      ],
      "passes": [],
      "failures": [],
      "pending": [],
      "skipped": [],
      "duration": 0,
      "root": true,
      "rootEmpty": true,
      "_timeout": 2000
    }
  ],
  "meta": {
    "mocha": {
      "version": "7.0.1"
    },
    "mochawesome": {
      "options": {
        "quiet": false,
        "reportFilename": "mochawesome",
        "saveHtml": true,
        "saveJson": true,
        "consoleReporter": "spec",
        "useInlineDiffs": false,
        "code": true
      },
      "version": "6.2.1"
    },
    "marge": {
      "options": null,
      "version": "5.1.0"
    }
  }
}